
  .   ____          _            __ _ _
 /\\ / ___'_ __ _ _(_)_ __  __ _ \ \ \ \
( ( )\___ | '_ | '_| | '_ \/ _` | \ \ \ \
 \\/  ___)| |_)| | | | | || (_| |  ) ) ) )
  '  |____| .__|_| |_|_| |_\__, | / / / /
 =========|_|==============|___/=/_/_/_/
 :: Spring Boot ::                (v3.2.0)

[30m09:25:18.147 INFO  com.VimsLoginApplication.logStarting() @50 - Starting VimsLoginApplication vROOT using Java 19.0.2 with PID 76047 (/Users/ikyoungtae/Documents/coding/AI-code-test/vims-login/target/vims-login-ROOT.jar started by ikyoungtae in /Users/ikyoungtae/Documents/coding/AI-code-test)
[m[30m09:25:18.183 INFO  com.VimsLoginApplication.logStartupProfileInfo() @659 - The following 1 profile is active: "local"
[m[30m09:25:18.640 INFO  org.springframework.data.repository.config.RepositoryConfigurationDelegate.registerRepositoriesIn() @139 - Bootstrapping Spring Data JPA repositories in DEFAULT mode.
[m[30m09:25:18.756 INFO  org.springframework.data.repository.config.RepositoryConfigurationDelegate.registerRepositoriesIn() @208 - Finished Spring Data repository scanning in 110 ms. Found 0 JPA repository interfaces.
[m[32;1m09:25:18.817 DEBUG org.apache.ibatis.logging.LogFactory.setImplementation() @109 - Logging initialized using 'class org.apache.ibatis.logging.slf4j.Slf4jImpl' adapter.
[m[33;1m09:25:18.835 WARN  org.mybatis.spring.mapper.ClassPathMapperScanner.warn() @44 - No MyBatis mapper was found in '[com]' package. Please check your configuration.
[m[30m09:25:19.037 INFO  org.springframework.boot.web.embedded.tomcat.TomcatWebServer.initialize() @108 - Tomcat initialized with port 8081 (http)
[m[30m09:25:19.045 INFO  org.apache.coyote.http11.Http11NioProtocol.log() @173 - Initializing ProtocolHandler ["http-nio-8081"]
[m[30m09:25:19.049 INFO  org.apache.catalina.core.StandardService.log() @173 - Starting service [Tomcat]
[m[30m09:25:19.049 INFO  org.apache.catalina.core.StandardEngine.log() @173 - Starting Servlet engine: [Apache Tomcat/10.1.16]
[m[30m09:25:19.071 INFO  org.apache.catalina.core.ContainerBase.[Tomcat].[localhost].[/].log() @173 - Initializing Spring embedded WebApplicationContext
[m[30m09:25:19.072 INFO  org.springframework.boot.web.servlet.context.ServletWebServerApplicationContext.prepareWebApplicationContext() @296 - Root WebApplicationContext: initialization completed in 866 ms
[m[30m09:25:19.175 INFO  org.hibernate.jpa.internal.util.LogHelper.logPersistenceUnitInformation() @31 - HHH000204: Processing PersistenceUnitInfo [name: default]
[m[30m09:25:19.200 INFO  org.hibernate.Version.logVersion() @44 - HHH000412: Hibernate ORM core version 6.3.1.Final
[m[30m09:25:19.216 INFO  org.hibernate.cache.internal.RegionFactoryInitiator.initiateService() @50 - HHH000026: Second-level cache disabled
[m[30m09:25:19.320 INFO  org.springframework.orm.jpa.persistenceunit.SpringPersistenceUnitInfo.addTransformer() @87 - No LoadTimeWeaver setup: ignoring JPA class transformer
[m[30m09:25:19.336 INFO  com.zaxxer.hikari.HikariDataSource.getConnection() @110 - HikariPool-1 - Starting...
[m[30m09:25:19.404 INFO  com.zaxxer.hikari.pool.HikariPool.checkFailFast() @565 - HikariPool-1 - Added connection org.mariadb.jdbc.Connection@4ac26092
[m[30m09:25:19.405 INFO  com.zaxxer.hikari.HikariDataSource.getConnection() @123 - HikariPool-1 - Start completed.
[m[33;1m09:25:19.421 WARN  org.hibernate.orm.deprecation.constructDialect() @152 - HHH90000025: MariaDB103Dialect does not need to be specified explicitly using 'hibernate.dialect' (remove the property setting and it will be selected by default)
[m[33;1m09:25:19.422 WARN  org.hibernate.orm.deprecation.logSelectedDialect() @100 - HHH90000026: MariaDB103Dialect has been deprecated; use org.hibernate.dialect.MariaDBDialect instead
[m[30m09:25:19.572 INFO  org.hibernate.engine.transaction.jta.platform.internal.JtaPlatformInitiator.initiateService() @58 - HHH000489: No JTA platform available (set 'hibernate.transaction.jta.platform' to enable JTA platform integration)
[m[30m09:25:19.574 INFO  org.springframework.orm.jpa.LocalContainerEntityManagerFactoryBean.buildNativeEntityManagerFactory() @437 - Initialized JPA EntityManagerFactory for persistence unit 'default'
[m[33;1m09:25:19.579 WARN  org.springframework.boot.web.servlet.context.AnnotationConfigServletWebServerApplicationContext.refresh() @624 - Exception encountered during context initialization - cancelling refresh attempt: org.springframework.beans.factory.BeanCreationException: Error creating bean with name 'loginController': Resolution of declared constructors on bean Class [com.login.LoginController] from ClassLoader [org.springframework.boot.loader.launch.LaunchedClassLoader@a09ee92] failed
[m[30m09:25:19.579 INFO  org.springframework.orm.jpa.LocalContainerEntityManagerFactoryBean.destroy() @650 - Closing JPA EntityManagerFactory for persistence unit 'default'
[m[30m09:25:19.581 INFO  com.zaxxer.hikari.HikariDataSource.close() @350 - HikariPool-1 - Shutdown initiated...
[m[30m09:25:19.599 INFO  com.zaxxer.hikari.HikariDataSource.close() @352 - HikariPool-1 - Shutdown completed.
[m[30m09:25:19.600 INFO  org.apache.catalina.core.StandardService.log() @173 - Stopping service [Tomcat]
[m[30m09:25:19.608 INFO  org.springframework.boot.autoconfigure.logging.ConditionEvaluationReportLogger.logMessage() @82 - 

Error starting ApplicationContext. To display the condition evaluation report re-run your application with 'debug' enabled.
[m[31m09:25:19.617 ERROR org.springframework.boot.SpringApplication.reportFailure() @839 - Application run failed
[m org.springframework.beans.factory.BeanCreationException: Error creating bean with name 'loginController': Resolution of declared constructors on bean Class [com.login.LoginController] from ClassLoader [org.springframework.boot.loader.launch.LaunchedClassLoader@a09ee92] failed
	at org.springframework.beans.factory.annotation.AutowiredAnnotationBeanPostProcessor.determineCandidateConstructors(AutowiredAnnotationBeanPostProcessor.java:368) ~[spring-beans-6.1.1.jar!/:6.1.1]
	at org.springframework.beans.factory.support.AbstractAutowireCapableBeanFactory.determineConstructorsFromBeanPostProcessors(AbstractAutowireCapableBeanFactory.java:1295) ~[spring-beans-6.1.1.jar!/:6.1.1]
	at org.springframework.beans.factory.support.AbstractAutowireCapableBeanFactory.createBeanInstance(AbstractAutowireCapableBeanFactory.java:1190) ~[spring-beans-6.1.1.jar!/:6.1.1]
	at org.springframework.beans.factory.support.AbstractAutowireCapableBeanFactory.doCreateBean(AbstractAutowireCapableBeanFactory.java:563) ~[spring-beans-6.1.1.jar!/:6.1.1]
	at org.springframework.beans.factory.support.AbstractAutowireCapableBeanFactory.createBean(AbstractAutowireCapableBeanFactory.java:523) ~[spring-beans-6.1.1.jar!/:6.1.1]
	at org.springframework.beans.factory.support.AbstractBeanFactory.lambda$doGetBean$0(AbstractBeanFactory.java:325) ~[spring-beans-6.1.1.jar!/:6.1.1]
	at org.springframework.beans.factory.support.DefaultSingletonBeanRegistry.getSingleton(DefaultSingletonBeanRegistry.java:234) ~[spring-beans-6.1.1.jar!/:6.1.1]
	at org.springframework.beans.factory.support.AbstractBeanFactory.doGetBean(AbstractBeanFactory.java:323) ~[spring-beans-6.1.1.jar!/:6.1.1]
	at org.springframework.beans.factory.support.AbstractBeanFactory.getBean(AbstractBeanFactory.java:199) ~[spring-beans-6.1.1.jar!/:6.1.1]
	at org.springframework.beans.factory.support.DefaultListableBeanFactory.preInstantiateSingletons(DefaultListableBeanFactory.java:973) ~[spring-beans-6.1.1.jar!/:6.1.1]
	at org.springframework.context.support.AbstractApplicationContext.finishBeanFactoryInitialization(AbstractApplicationContext.java:946) ~[spring-context-6.1.1.jar!/:6.1.1]
	at org.springframework.context.support.AbstractApplicationContext.refresh(AbstractApplicationContext.java:616) ~[spring-context-6.1.1.jar!/:6.1.1]
	at org.springframework.boot.web.servlet.context.ServletWebServerApplicationContext.refresh(ServletWebServerApplicationContext.java:146) ~[spring-boot-3.2.0.jar!/:3.2.0]
	at org.springframework.boot.SpringApplication.refresh(SpringApplication.java:753) [spring-boot-3.2.0.jar!/:3.2.0]
	at org.springframework.boot.SpringApplication.refreshContext(SpringApplication.java:455) [spring-boot-3.2.0.jar!/:3.2.0]
	at org.springframework.boot.SpringApplication.run(SpringApplication.java:323) [spring-boot-3.2.0.jar!/:3.2.0]
	at org.springframework.boot.SpringApplication.run(SpringApplication.java:1342) [spring-boot-3.2.0.jar!/:3.2.0]
	at org.springframework.boot.SpringApplication.run(SpringApplication.java:1331) [spring-boot-3.2.0.jar!/:3.2.0]
	at com.VimsLoginApplication.main(VimsLoginApplication.java:12) [!/:ROOT]
	at java.base/jdk.internal.reflect.DirectMethodHandleAccessor.invoke(DirectMethodHandleAccessor.java:104) ~[?:?]
	at java.base/java.lang.reflect.Method.invoke(Method.java:578) ~[?:?]
	at org.springframework.boot.loader.launch.Launcher.launch(Launcher.java:91) [vims-login-ROOT.jar:ROOT]
	at org.springframework.boot.loader.launch.Launcher.launch(Launcher.java:53) [vims-login-ROOT.jar:ROOT]
	at org.springframework.boot.loader.launch.JarLauncher.main(JarLauncher.java:58) [vims-login-ROOT.jar:ROOT]
Caused by: java.lang.NoClassDefFoundError: com/system/auth/service/AuthenticationService
	at java.base/java.lang.Class.getDeclaredConstructors0(Native Method) ~[?:?]
	at java.base/java.lang.Class.privateGetDeclaredConstructors(Class.java:3429) ~[?:?]
	at java.base/java.lang.Class.getDeclaredConstructors(Class.java:2608) ~[?:?]
	at org.springframework.beans.factory.annotation.AutowiredAnnotationBeanPostProcessor.determineCandidateConstructors(AutowiredAnnotationBeanPostProcessor.java:363) ~[spring-beans-6.1.1.jar!/:6.1.1]
	... 23 more
Caused by: java.lang.ClassNotFoundException: com.system.auth.service.AuthenticationService
	at java.base/java.net.URLClassLoader.findClass(URLClassLoader.java:445) ~[?:?]
	at java.base/java.lang.ClassLoader.loadClass(ClassLoader.java:588) ~[?:?]
	at org.springframework.boot.loader.net.protocol.jar.JarUrlClassLoader.loadClass(JarUrlClassLoader.java:104) ~[vims-login-ROOT.jar:ROOT]
	at org.springframework.boot.loader.launch.LaunchedClassLoader.loadClass(LaunchedClassLoader.java:91) ~[vims-login-ROOT.jar:ROOT]
	at java.base/java.lang.ClassLoader.loadClass(ClassLoader.java:521) ~[?:?]
	at java.base/java.lang.Class.getDeclaredConstructors0(Native Method) ~[?:?]
	at java.base/java.lang.Class.privateGetDeclaredConstructors(Class.java:3429) ~[?:?]
	at java.base/java.lang.Class.getDeclaredConstructors(Class.java:2608) ~[?:?]
	at org.springframework.beans.factory.annotation.AutowiredAnnotationBeanPostProcessor.determineCandidateConstructors(AutowiredAnnotationBeanPostProcessor.java:363) ~[spring-beans-6.1.1.jar!/:6.1.1]
	... 23 more
